<?xml version="1.0" encoding="UTF-8"?>
<!-- Generated by org.testng.reporters.JUnitXMLReporter -->
<testsuite ignored="0" hostname="DESKTOP-JKMLIMQ" failures="0" tests="3" name="herokuapp" time="29.049" errors="0" timestamp="2023-10-11T17:18:50 IST">
  <testcase classname="testing.TC_003" name="testBasicAuth" time="10.769"/>
  <testcase classname="testing.TC_003" name="testCheckbox" time="5.485"/>
  <testcase classname="testing.TC_003" name="testHovers" time="5.949"/>
</testsuite> <!-- herokuapp -->
