<?xml version="1.0" encoding="UTF-8"?>
<!-- Generated by org.testng.reporters.JUnitXMLReporter -->
<testsuite ignored="0" hostname="DESKTOP-JKMLIMQ" failures="0" tests="7" name="StackOverFlow" time="18.541" errors="0" timestamp="2023-10-17T20:31:06 IST">
  <testcase classname="testScripts.StackOverFlow_Test" name="sendTextToSearch" time="5.552"/>
  <testcase classname="testScripts.StackOverFlow_Test" name="testHeaderAbout" time="0.081"/>
  <testcase classname="testScripts.StackOverFlow_Test" name="testHeaderLogin" time="0.045"/>
  <testcase classname="testScripts.StackOverFlow_Test" name="testHeaderProducts" time="0.036"/>
  <testcase classname="testScripts.StackOverFlow_Test" name="testHeaderSearch" time="0.03"/>
  <testcase classname="testScripts.StackOverFlow_Test" name="testHeaderSignup" time="0.034"/>
  <testcase classname="testScripts.StackOverFlow_Test" name="test_Logo" time="0.035"/>
</testsuite> <!-- StackOverFlow -->
