<?xml version="1.0" encoding="UTF-8"?>
<!-- Generated by org.testng.reporters.JUnitXMLReporter -->
<testsuite ignored="0" hostname="DESKTOP-JKMLIMQ" failures="0" tests="3" name="W#School" time="0.082" errors="0" timestamp="2023-10-13T00:13:35 IST">
  <testcase classname="testScripts.W3School_Test" name="test_theLogo" time="0.001">
    <skipped/>
  </testcase> <!-- test_theLogo -->
  <testcase classname="testScripts.W3School_Test" name="test_the_SearchTextBox" time="0.0">
    <skipped/>
  </testcase> <!-- test_the_SearchTextBox -->
  <testcase classname="testScripts.W3School_Test" name="title_url" time="0.0">
    <skipped/>
  </testcase> <!-- title_url -->
</testsuite> <!-- W#School -->
