<?xml version="1.0" encoding="UTF-8"?>
<!-- Generated by org.testng.reporters.JUnitXMLReporter -->
<testsuite ignored="4" hostname="DESKTOP-JKMLIMQ" failures="0" tests="0" time="0.003" errors="0" timestamp="2023-10-12T00:49:42 IST">
  <testcase classname="testing.Priority_005" name="signUpPage" time="0.0">
    <ignored/>
  </testcase> <!-- signUpPage -->
  <testcase classname="testing.Priority_005" name="homePageValidation" time="0.0">
    <ignored/>
  </testcase> <!-- homePageValidation -->
  <testcase classname="testing.Priority_005" name="testingCartPage" time="0.0">
    <ignored/>
  </testcase> <!-- testingCartPage -->
  <testcase classname="testing.Priority_005" name="signInPage" time="0.0">
    <ignored/>
  </testcase> <!-- signInPage -->
</testsuite>
