<?xml version="1.0" encoding="UTF-8"?>
<!-- Generated by org.testng.reporters.JUnitXMLReporter -->
<testsuite ignored="0" hostname="DESKTOP-JKMLIMQ" failures="0" tests="4" name="PriorityTesting" time="0.386" errors="0" timestamp="2023-10-12T00:49:42 IST">
  <testcase classname="testing.Priority_005" name="signUpPage" time="0.098"/>
  <testcase classname="testing.Priority_005" name="signInPage" time="0.011"/>
  <testcase classname="testing.Priority_005" name="homePageValidation" time="0.007"/>
  <testcase classname="testing.Priority_005" name="testingCartPage" time="0.007"/>
</testsuite> <!-- PriorityTesting -->
