<?xml version="1.0" encoding="UTF-8"?>
<testng-results ignored="0" total="2" passed="2" failed="0" skipped="0">
  <reporter-output>
  </reporter-output>
  <suite started-at="2023-10-17T23:13:00 IST" name="IFrameSuite" finished-at="2023-10-17T23:13:15 IST" duration-ms="14780">
    <groups>
    </groups>
    <test started-at="2023-10-17T23:13:00 IST" name="Herokuapp" finished-at="2023-10-17T23:13:15 IST" duration-ms="14780">
      <class name="testing.IFrameLearning">
        <test-method is-config="true" signature="launchHeroupapp(java.lang.String)[pri:0, instance:testing.IFrameLearning@791f145a]" started-at="2023-10-17T23:13:00 IST" name="launchHeroupapp" finished-at="2023-10-17T23:13:07 IST" duration-ms="7162" status="PASS">
          <params>
            <param index="0">
              <value>
                <![CDATA[https://the-internet.herokuapp.com/]]>
              </value>
            </param>
          </params>
          <reporter-output>
          </reporter-output>
        </test-method> <!-- launchHeroupapp -->
        <test-method signature="testIframe()[pri:0, instance:testing.IFrameLearning@791f145a]" started-at="2023-10-17T23:13:07 IST" name="testIframe" finished-at="2023-10-17T23:13:14 IST" duration-ms="7032" status="PASS">
          <reporter-output>
          </reporter-output>
        </test-method> <!-- testIframe -->
        <test-method is-config="true" signature="closeApplication()[pri:0, instance:testing.IFrameLearning@791f145a]" started-at="2023-10-17T23:13:14 IST" name="closeApplication" finished-at="2023-10-17T23:13:15 IST" duration-ms="456" status="PASS">
          <reporter-output>
          </reporter-output>
        </test-method> <!-- closeApplication -->
      </class> <!-- testing.IFrameLearning -->
    </test> <!-- Herokuapp -->
  </suite> <!-- IFrameSuite -->
  <suite started-at="2023-10-17T23:13:15 IST" name="ChildSupportSuite" finished-at="2023-10-17T23:13:21 IST" duration-ms="6169">
    <groups>
    </groups>
    <test started-at="2023-10-17T23:13:15 IST" name="ContactUsPageValidation" finished-at="2023-10-17T23:13:21 IST" duration-ms="6169">
      <class name="testing.TC_004">
        <test-method is-config="true" signature="launchApplication(java.lang.String)[pri:0, instance:testing.TC_004@69e153c5]" started-at="2023-10-17T23:13:15 IST" name="launchApplication" finished-at="2023-10-17T23:13:18 IST" duration-ms="3240" status="PASS">
          <params>
            <param index="0">
              <value>
                <![CDATA[https://childsupport.ca.gov/]]>
              </value>
            </param>
          </params>
          <reporter-output>
          </reporter-output>
        </test-method> <!-- launchApplication -->
        <test-method signature="testHomePage_1(java.lang.String,java.lang.String)[pri:0, instance:testing.TC_004@69e153c5]" started-at="2023-10-17T23:13:18 IST" name="testHomePage_1" finished-at="2023-10-17T23:13:20 IST" duration-ms="2200" status="PASS">
          <params>
            <param index="0">
              <value>
                <![CDATA[CA Child Support Services]]>
              </value>
            </param>
            <param index="1">
              <value>
                <![CDATA[https://childsupport.ca.gov/]]>
              </value>
            </param>
          </params>
          <reporter-output>
          </reporter-output>
        </test-method> <!-- testHomePage_1 -->
        <test-method is-config="true" signature="closeApplication()[pri:0, instance:testing.TC_004@69e153c5]" started-at="2023-10-17T23:13:20 IST" name="closeApplication" finished-at="2023-10-17T23:13:21 IST" duration-ms="722" status="PASS">
          <reporter-output>
          </reporter-output>
        </test-method> <!-- closeApplication -->
      </class> <!-- testing.TC_004 -->
    </test> <!-- ContactUsPageValidation -->
  </suite> <!-- ChildSupportSuite -->
</testng-results>
