<?xml version="1.0" encoding="UTF-8"?>
<testng-results ignored="0" total="1" passed="1" failed="0" skipped="0">
  <reporter-output>
  </reporter-output>
  <suite started-at="2023-11-01T00:05:57 IST" name="Default suite" finished-at="2023-11-01T00:05:58 IST" duration-ms="925">
    <groups>
    </groups>
    <test started-at="2023-11-01T00:05:57 IST" name="Default test" finished-at="2023-11-01T00:05:58 IST" duration-ms="925">
      <class name="jdbcLearning.CreateTable">
        <test-method signature="createTableUsingJDBC()[pri:0, instance:jdbcLearning.CreateTable@21337f7b]" started-at="2023-11-01T00:05:57 IST" name="createTableUsingJDBC" finished-at="2023-11-01T00:05:58 IST" duration-ms="752" status="PASS">
          <reporter-output>
          </reporter-output>
        </test-method> <!-- createTableUsingJDBC -->
      </class> <!-- jdbcLearning.CreateTable -->
    </test> <!-- Default test -->
  </suite> <!-- Default suite -->
</testng-results>
